<?xml version="1.0" encoding="UTF-8"?>
<testng-results ignored="0" total="1" passed="1" failed="0" skipped="0">
  <reporter-output>
  </reporter-output>
  <suite started-at="2025-02-13T17:42:49 IST" name="Default suite" finished-at="2025-02-13T17:42:59 IST" duration-ms="10073">
    <groups>
    </groups>
    <test started-at="2025-02-13T17:42:49 IST" name="Default test" finished-at="2025-02-13T17:42:59 IST" duration-ms="10073">
      <class name="Testpkg.testclass">
        <test-method is-config="true" signature="open()[pri:0, instance:Testpkg.testclass@42a48628]" started-at="2025-02-13T17:42:49 IST" name="open" finished-at="2025-02-13T17:42:54 IST" duration-ms="5333" status="PASS">
          <reporter-output>
          </reporter-output>
        </test-method> <!-- open -->
        <test-method signature="test()[pri:0, instance:Testpkg.testclass@42a48628]" started-at="2025-02-13T17:42:54 IST" name="test" finished-at="2025-02-13T17:42:59 IST" duration-ms="4710" status="PASS">
          <reporter-output>
          </reporter-output>
        </test-method> <!-- test -->
      </class> <!-- Testpkg.testclass -->
    </test> <!-- Default test -->
  </suite> <!-- Default suite -->
</testng-results>
